<?xml version="1.0" encoding="UTF-8"?>
<!-- Generated by org.testng.reporters.JUnitReportReporter -->
<testsuite hostname="DESKTOP-GUMOJBK" failures="0" tests="3" name="Test.HomePageTest" time="32.422" errors="0" timestamp="2024-10-08T10:03:12 IST" skipped="0">
  <testcase classname="Test.HomePageTest" name="urlTest" time="4.498"/>
  <system-out/>
  <testcase classname="Test.HomePageTest" name="logoTest" time="9.185"/>
  <system-out/>
  <testcase classname="Test.HomePageTest" name="pageHeader" time="18.739"/>
  <system-out/>
</testsuite> <!-- Test.HomePageTest -->
